2018-11-23 10:09:07.813 [main] WARN  com.netflix.config.sources.URLConfigurationSource - No URLs will be polled as dynamic configuration sources.
2018-11-23 10:09:07.823 [main] WARN  com.netflix.config.sources.URLConfigurationSource - No URLs will be polled as dynamic configuration sources.
2018-11-23 10:11:07.446 [main] WARN  com.netflix.config.sources.URLConfigurationSource - No URLs will be polled as dynamic configuration sources.
2018-11-23 10:11:07.456 [main] WARN  com.netflix.config.sources.URLConfigurationSource - No URLs will be polled as dynamic configuration sources.
2018-11-23 10:15:21.905 [main] WARN  com.netflix.config.sources.URLConfigurationSource - No URLs will be polled as dynamic configuration sources.
2018-11-23 10:15:21.912 [main] WARN  com.netflix.config.sources.URLConfigurationSource - No URLs will be polled as dynamic configuration sources.
2018-11-23 10:21:54.803 [main] WARN  com.netflix.config.sources.URLConfigurationSource - No URLs will be polled as dynamic configuration sources.
2018-11-23 10:21:54.810 [main] WARN  com.netflix.config.sources.URLConfigurationSource - No URLs will be polled as dynamic configuration sources.
2018-11-23 10:24:56.726 [main] WARN  com.netflix.config.sources.URLConfigurationSource - No URLs will be polled as dynamic configuration sources.
2018-11-23 10:24:56.736 [main] WARN  com.netflix.config.sources.URLConfigurationSource - No URLs will be polled as dynamic configuration sources.
2018-11-23 10:26:30.732 [main] WARN  com.netflix.config.sources.URLConfigurationSource - No URLs will be polled as dynamic configuration sources.
2018-11-23 10:26:30.741 [main] WARN  com.netflix.config.sources.URLConfigurationSource - No URLs will be polled as dynamic configuration sources.
2018-11-23 10:28:16.038 [main] WARN  com.netflix.config.sources.URLConfigurationSource - No URLs will be polled as dynamic configuration sources.
2018-11-23 10:28:16.045 [main] WARN  com.netflix.config.sources.URLConfigurationSource - No URLs will be polled as dynamic configuration sources.
2018-11-23 12:19:31.157 [main] WARN  com.netflix.config.sources.URLConfigurationSource - No URLs will be polled as dynamic configuration sources.
2018-11-23 12:19:31.163 [main] WARN  com.netflix.config.sources.URLConfigurationSource - No URLs will be polled as dynamic configuration sources.
2018-11-23 12:22:44.638 [main] WARN  com.netflix.config.sources.URLConfigurationSource - No URLs will be polled as dynamic configuration sources.
2018-11-23 12:22:44.647 [main] WARN  com.netflix.config.sources.URLConfigurationSource - No URLs will be polled as dynamic configuration sources.
2018-11-23 12:24:16.538 [main] WARN  com.netflix.config.sources.URLConfigurationSource - No URLs will be polled as dynamic configuration sources.
2018-11-23 12:24:16.541 [main] WARN  com.netflix.config.sources.URLConfigurationSource - No URLs will be polled as dynamic configuration sources.
2018-11-23 12:27:16.979 [RMI TCP Connection(2)-127.0.0.1] WARN  com.netflix.discovery.DiscoveryClient - Saw local status change event StatusChangeEvent [timestamp=1542947236979, current=DOWN, previous=UP]
2018-11-23 12:27:17.873 [LTS-JobPullMachine-Executor-thread-1] WARN  com.github.ltsopensource.remoting.AbstractRemotingClient -  [LTS] createChannel: connect remote host[192.168.0.249:35001] failed, com.github.ltsopensource.remoting.netty.NettyChannelFuture@2722e7a6, lts version: 1.6.9, current host: 192.168.0.249
java.lang.IllegalStateException: executor not accepting a task
	at io.netty.resolver.AddressResolverGroup.getResolver(AddressResolverGroup.java:60) ~[netty-resolver-4.1.29.Final.jar:4.1.29.Final]
	at io.netty.bootstrap.Bootstrap.doResolveAndConnect0(Bootstrap.java:200) ~[netty-transport-4.1.29.Final.jar:4.1.29.Final]
	at io.netty.bootstrap.Bootstrap.access$000(Bootstrap.java:49) ~[netty-transport-4.1.29.Final.jar:4.1.29.Final]
	at io.netty.bootstrap.Bootstrap$1.operationComplete(Bootstrap.java:188) ~[netty-transport-4.1.29.Final.jar:4.1.29.Final]
	at io.netty.bootstrap.Bootstrap$1.operationComplete(Bootstrap.java:174) ~[netty-transport-4.1.29.Final.jar:4.1.29.Final]
	at io.netty.util.concurrent.DefaultPromise.notifyListener0(DefaultPromise.java:511) ~[netty-common-4.1.29.Final.jar:4.1.29.Final]
	at io.netty.util.concurrent.DefaultPromise.notifyListenersNow(DefaultPromise.java:485) ~[netty-common-4.1.29.Final.jar:4.1.29.Final]
	at io.netty.util.concurrent.DefaultPromise.notifyListeners(DefaultPromise.java:424) ~[netty-common-4.1.29.Final.jar:4.1.29.Final]
	at io.netty.util.concurrent.DefaultPromise.trySuccess(DefaultPromise.java:103) ~[netty-common-4.1.29.Final.jar:4.1.29.Final]
	at io.netty.channel.DefaultChannelPromise.trySuccess(DefaultChannelPromise.java:84) ~[netty-transport-4.1.29.Final.jar:4.1.29.Final]
	at io.netty.channel.AbstractChannel$AbstractUnsafe.safeSetSuccess(AbstractChannel.java:978) ~[netty-transport-4.1.29.Final.jar:4.1.29.Final]
	at io.netty.channel.AbstractChannel$AbstractUnsafe.register0(AbstractChannel.java:512) ~[netty-transport-4.1.29.Final.jar:4.1.29.Final]
	at io.netty.channel.AbstractChannel$AbstractUnsafe.access$200(AbstractChannel.java:423) ~[netty-transport-4.1.29.Final.jar:4.1.29.Final]
	at io.netty.channel.AbstractChannel$AbstractUnsafe$1.run(AbstractChannel.java:482) ~[netty-transport-4.1.29.Final.jar:4.1.29.Final]
	at io.netty.util.concurrent.AbstractEventExecutor.safeExecute(AbstractEventExecutor.java:163) ~[netty-common-4.1.29.Final.jar:4.1.29.Final]
	at io.netty.util.concurrent.SingleThreadEventExecutor.runAllTasks(SingleThreadEventExecutor.java:404) ~[netty-common-4.1.29.Final.jar:4.1.29.Final]
	at io.netty.channel.nio.NioEventLoop.run(NioEventLoop.java:446) ~[netty-transport-4.1.29.Final.jar:4.1.29.Final]
	at io.netty.util.concurrent.SingleThreadEventExecutor$5.run(SingleThreadEventExecutor.java:884) ~[netty-common-4.1.29.Final.jar:4.1.29.Final]
	at java.lang.Thread.run(Unknown Source) [?:1.8.0_171]
2018-11-23 12:27:17.978 [LTS-JobPullMachine-Executor-thread-1] WARN  JobPullMachine -  [LTS] no job tracker available!, lts version: 1.6.9, current host: 192.168.0.249
2018-11-23 13:46:41.243 [main] WARN  com.netflix.config.sources.URLConfigurationSource - No URLs will be polled as dynamic configuration sources.
2018-11-23 13:46:41.246 [main] WARN  com.netflix.config.sources.URLConfigurationSource - No URLs will be polled as dynamic configuration sources.
2018-11-23 13:47:24.974 [RMI TCP Connection(2)-127.0.0.1] WARN  com.netflix.discovery.DiscoveryClient - Saw local status change event StatusChangeEvent [timestamp=1542952044974, current=DOWN, previous=UP]
2018-11-23 13:47:25.916 [LTS-JobPullMachine-Executor-thread-1] WARN  com.github.ltsopensource.remoting.AbstractRemotingClient -  [LTS] createChannel: connect remote host[192.168.0.249:35001] failed, com.github.ltsopensource.remoting.netty.NettyChannelFuture@4cd19a81, lts version: 1.6.9, current host: 192.168.0.249
java.lang.IllegalStateException: executor not accepting a task
	at io.netty.resolver.AddressResolverGroup.getResolver(AddressResolverGroup.java:60) ~[netty-resolver-4.1.29.Final.jar:4.1.29.Final]
	at io.netty.bootstrap.Bootstrap.doResolveAndConnect0(Bootstrap.java:200) ~[netty-transport-4.1.29.Final.jar:4.1.29.Final]
	at io.netty.bootstrap.Bootstrap.access$000(Bootstrap.java:49) ~[netty-transport-4.1.29.Final.jar:4.1.29.Final]
	at io.netty.bootstrap.Bootstrap$1.operationComplete(Bootstrap.java:188) ~[netty-transport-4.1.29.Final.jar:4.1.29.Final]
	at io.netty.bootstrap.Bootstrap$1.operationComplete(Bootstrap.java:174) ~[netty-transport-4.1.29.Final.jar:4.1.29.Final]
	at io.netty.util.concurrent.DefaultPromise.notifyListener0(DefaultPromise.java:511) ~[netty-common-4.1.29.Final.jar:4.1.29.Final]
	at io.netty.util.concurrent.DefaultPromise.notifyListenersNow(DefaultPromise.java:485) ~[netty-common-4.1.29.Final.jar:4.1.29.Final]
	at io.netty.util.concurrent.DefaultPromise.notifyListeners(DefaultPromise.java:424) ~[netty-common-4.1.29.Final.jar:4.1.29.Final]
	at io.netty.util.concurrent.DefaultPromise.trySuccess(DefaultPromise.java:103) ~[netty-common-4.1.29.Final.jar:4.1.29.Final]
	at io.netty.channel.DefaultChannelPromise.trySuccess(DefaultChannelPromise.java:84) ~[netty-transport-4.1.29.Final.jar:4.1.29.Final]
	at io.netty.channel.AbstractChannel$AbstractUnsafe.safeSetSuccess(AbstractChannel.java:978) ~[netty-transport-4.1.29.Final.jar:4.1.29.Final]
	at io.netty.channel.AbstractChannel$AbstractUnsafe.register0(AbstractChannel.java:512) ~[netty-transport-4.1.29.Final.jar:4.1.29.Final]
	at io.netty.channel.AbstractChannel$AbstractUnsafe.access$200(AbstractChannel.java:423) ~[netty-transport-4.1.29.Final.jar:4.1.29.Final]
	at io.netty.channel.AbstractChannel$AbstractUnsafe$1.run(AbstractChannel.java:482) ~[netty-transport-4.1.29.Final.jar:4.1.29.Final]
	at io.netty.util.concurrent.AbstractEventExecutor.safeExecute(AbstractEventExecutor.java:163) ~[netty-common-4.1.29.Final.jar:4.1.29.Final]
	at io.netty.util.concurrent.SingleThreadEventExecutor.runAllTasks(SingleThreadEventExecutor.java:404) ~[netty-common-4.1.29.Final.jar:4.1.29.Final]
	at io.netty.channel.nio.NioEventLoop.run(NioEventLoop.java:446) ~[netty-transport-4.1.29.Final.jar:4.1.29.Final]
	at io.netty.util.concurrent.SingleThreadEventExecutor$5.run(SingleThreadEventExecutor.java:884) ~[netty-common-4.1.29.Final.jar:4.1.29.Final]
	at java.lang.Thread.run(Unknown Source) [?:1.8.0_171]
2018-11-23 13:47:26.028 [LTS-JobPullMachine-Executor-thread-1] WARN  JobPullMachine -  [LTS] no job tracker available!, lts version: 1.6.9, current host: 192.168.0.249
2018-11-23 13:54:40.944 [main] WARN  com.netflix.config.sources.URLConfigurationSource - No URLs will be polled as dynamic configuration sources.
2018-11-23 13:54:40.951 [main] WARN  com.netflix.config.sources.URLConfigurationSource - No URLs will be polled as dynamic configuration sources.
2018-11-23 13:56:24.501 [main] WARN  com.netflix.config.sources.URLConfigurationSource - No URLs will be polled as dynamic configuration sources.
2018-11-23 13:56:24.504 [main] WARN  com.netflix.config.sources.URLConfigurationSource - No URLs will be polled as dynamic configuration sources.
2018-11-23 14:01:51.760 [RMI TCP Connection(2)-127.0.0.1] WARN  com.netflix.discovery.DiscoveryClient - Saw local status change event StatusChangeEvent [timestamp=1542952911760, current=DOWN, previous=UP]
2018-11-23 14:01:52.497 [LTS-JobPullMachine-Executor-thread-1] WARN  com.github.ltsopensource.remoting.AbstractRemotingClient -  [LTS] createChannel: connect remote host[192.168.0.249:35001] failed, com.github.ltsopensource.remoting.netty.NettyChannelFuture@47672424, lts version: 1.6.9, current host: 192.168.0.249
java.lang.IllegalStateException: executor not accepting a task
	at io.netty.resolver.AddressResolverGroup.getResolver(AddressResolverGroup.java:60) ~[netty-resolver-4.1.29.Final.jar:4.1.29.Final]
	at io.netty.bootstrap.Bootstrap.doResolveAndConnect0(Bootstrap.java:200) ~[netty-transport-4.1.29.Final.jar:4.1.29.Final]
	at io.netty.bootstrap.Bootstrap.access$000(Bootstrap.java:49) ~[netty-transport-4.1.29.Final.jar:4.1.29.Final]
	at io.netty.bootstrap.Bootstrap$1.operationComplete(Bootstrap.java:188) ~[netty-transport-4.1.29.Final.jar:4.1.29.Final]
	at io.netty.bootstrap.Bootstrap$1.operationComplete(Bootstrap.java:174) ~[netty-transport-4.1.29.Final.jar:4.1.29.Final]
	at io.netty.util.concurrent.DefaultPromise.notifyListener0(DefaultPromise.java:511) ~[netty-common-4.1.29.Final.jar:4.1.29.Final]
	at io.netty.util.concurrent.DefaultPromise.notifyListenersNow(DefaultPromise.java:485) ~[netty-common-4.1.29.Final.jar:4.1.29.Final]
	at io.netty.util.concurrent.DefaultPromise.notifyListeners(DefaultPromise.java:424) ~[netty-common-4.1.29.Final.jar:4.1.29.Final]
	at io.netty.util.concurrent.DefaultPromise.trySuccess(DefaultPromise.java:103) ~[netty-common-4.1.29.Final.jar:4.1.29.Final]
	at io.netty.channel.DefaultChannelPromise.trySuccess(DefaultChannelPromise.java:84) ~[netty-transport-4.1.29.Final.jar:4.1.29.Final]
	at io.netty.channel.AbstractChannel$AbstractUnsafe.safeSetSuccess(AbstractChannel.java:978) ~[netty-transport-4.1.29.Final.jar:4.1.29.Final]
	at io.netty.channel.AbstractChannel$AbstractUnsafe.register0(AbstractChannel.java:512) ~[netty-transport-4.1.29.Final.jar:4.1.29.Final]
	at io.netty.channel.AbstractChannel$AbstractUnsafe.access$200(AbstractChannel.java:423) ~[netty-transport-4.1.29.Final.jar:4.1.29.Final]
	at io.netty.channel.AbstractChannel$AbstractUnsafe$1.run(AbstractChannel.java:482) ~[netty-transport-4.1.29.Final.jar:4.1.29.Final]
	at io.netty.util.concurrent.AbstractEventExecutor.safeExecute(AbstractEventExecutor.java:163) ~[netty-common-4.1.29.Final.jar:4.1.29.Final]
	at io.netty.util.concurrent.SingleThreadEventExecutor.runAllTasks(SingleThreadEventExecutor.java:404) ~[netty-common-4.1.29.Final.jar:4.1.29.Final]
	at io.netty.channel.nio.NioEventLoop.run(NioEventLoop.java:446) ~[netty-transport-4.1.29.Final.jar:4.1.29.Final]
	at io.netty.util.concurrent.SingleThreadEventExecutor$5.run(SingleThreadEventExecutor.java:884) ~[netty-common-4.1.29.Final.jar:4.1.29.Final]
	at java.lang.Thread.run(Unknown Source) [?:1.8.0_171]
2018-11-23 14:01:52.601 [LTS-JobPullMachine-Executor-thread-1] WARN  JobPullMachine -  [LTS] no job tracker available!, lts version: 1.6.9, current host: 192.168.0.249
2018-11-23 14:03:47.521 [main] WARN  com.netflix.config.sources.URLConfigurationSource - No URLs will be polled as dynamic configuration sources.
2018-11-23 14:03:47.524 [main] WARN  com.netflix.config.sources.URLConfigurationSource - No URLs will be polled as dynamic configuration sources.
2018-11-23 14:05:12.406 [RMI TCP Connection(2)-127.0.0.1] WARN  com.netflix.discovery.DiscoveryClient - Saw local status change event StatusChangeEvent [timestamp=1542953112406, current=DOWN, previous=UP]
2018-11-23 14:05:12.535 [LTS-JobPullMachine-Executor-thread-1] WARN  com.github.ltsopensource.remoting.AbstractRemotingClient -  [LTS] createChannel: connect remote host[192.168.0.249:35001] failed, com.github.ltsopensource.remoting.netty.NettyChannelFuture@104a786b, lts version: 1.6.9, current host: 192.168.0.249
java.lang.IllegalStateException: executor not accepting a task
	at io.netty.resolver.AddressResolverGroup.getResolver(AddressResolverGroup.java:60) ~[netty-resolver-4.1.29.Final.jar:4.1.29.Final]
	at io.netty.bootstrap.Bootstrap.doResolveAndConnect0(Bootstrap.java:200) ~[netty-transport-4.1.29.Final.jar:4.1.29.Final]
	at io.netty.bootstrap.Bootstrap.access$000(Bootstrap.java:49) ~[netty-transport-4.1.29.Final.jar:4.1.29.Final]
	at io.netty.bootstrap.Bootstrap$1.operationComplete(Bootstrap.java:188) ~[netty-transport-4.1.29.Final.jar:4.1.29.Final]
	at io.netty.bootstrap.Bootstrap$1.operationComplete(Bootstrap.java:174) ~[netty-transport-4.1.29.Final.jar:4.1.29.Final]
	at io.netty.util.concurrent.DefaultPromise.notifyListener0(DefaultPromise.java:511) ~[netty-common-4.1.29.Final.jar:4.1.29.Final]
	at io.netty.util.concurrent.DefaultPromise.notifyListenersNow(DefaultPromise.java:485) ~[netty-common-4.1.29.Final.jar:4.1.29.Final]
	at io.netty.util.concurrent.DefaultPromise.notifyListeners(DefaultPromise.java:424) ~[netty-common-4.1.29.Final.jar:4.1.29.Final]
	at io.netty.util.concurrent.DefaultPromise.trySuccess(DefaultPromise.java:103) ~[netty-common-4.1.29.Final.jar:4.1.29.Final]
	at io.netty.channel.DefaultChannelPromise.trySuccess(DefaultChannelPromise.java:84) ~[netty-transport-4.1.29.Final.jar:4.1.29.Final]
	at io.netty.channel.AbstractChannel$AbstractUnsafe.safeSetSuccess(AbstractChannel.java:978) ~[netty-transport-4.1.29.Final.jar:4.1.29.Final]
	at io.netty.channel.AbstractChannel$AbstractUnsafe.register0(AbstractChannel.java:512) ~[netty-transport-4.1.29.Final.jar:4.1.29.Final]
	at io.netty.channel.AbstractChannel$AbstractUnsafe.access$200(AbstractChannel.java:423) ~[netty-transport-4.1.29.Final.jar:4.1.29.Final]
	at io.netty.channel.AbstractChannel$AbstractUnsafe$1.run(AbstractChannel.java:482) ~[netty-transport-4.1.29.Final.jar:4.1.29.Final]
	at io.netty.util.concurrent.AbstractEventExecutor.safeExecute(AbstractEventExecutor.java:163) ~[netty-common-4.1.29.Final.jar:4.1.29.Final]
	at io.netty.util.concurrent.SingleThreadEventExecutor.runAllTasks(SingleThreadEventExecutor.java:404) ~[netty-common-4.1.29.Final.jar:4.1.29.Final]
	at io.netty.channel.nio.NioEventLoop.run(NioEventLoop.java:446) ~[netty-transport-4.1.29.Final.jar:4.1.29.Final]
	at io.netty.util.concurrent.SingleThreadEventExecutor$5.run(SingleThreadEventExecutor.java:884) ~[netty-common-4.1.29.Final.jar:4.1.29.Final]
	at java.lang.Thread.run(Unknown Source) [?:1.8.0_171]
2018-11-23 14:05:12.639 [LTS-JobPullMachine-Executor-thread-1] WARN  JobPullMachine -  [LTS] no job tracker available!, lts version: 1.6.9, current host: 192.168.0.249
2018-11-23 14:05:52.380 [main] WARN  com.netflix.config.sources.URLConfigurationSource - No URLs will be polled as dynamic configuration sources.
2018-11-23 14:05:52.387 [main] WARN  com.netflix.config.sources.URLConfigurationSource - No URLs will be polled as dynamic configuration sources.
2018-11-23 14:06:59.587 [main] WARN  com.netflix.config.sources.URLConfigurationSource - No URLs will be polled as dynamic configuration sources.
2018-11-23 14:06:59.594 [main] WARN  com.netflix.config.sources.URLConfigurationSource - No URLs will be polled as dynamic configuration sources.
2018-11-23 14:08:47.244 [main] WARN  com.netflix.config.sources.URLConfigurationSource - No URLs will be polled as dynamic configuration sources.
2018-11-23 14:08:47.247 [main] WARN  com.netflix.config.sources.URLConfigurationSource - No URLs will be polled as dynamic configuration sources.
2018-11-23 14:14:12.151 [RMI TCP Connection(2)-127.0.0.1] WARN  com.netflix.discovery.DiscoveryClient - Saw local status change event StatusChangeEvent [timestamp=1542953652151, current=DOWN, previous=UP]
2018-11-23 14:14:12.411 [LTS-JobPullMachine-Executor-thread-1] WARN  com.github.ltsopensource.remoting.AbstractRemotingClient -  [LTS] createChannel: connect remote host[192.168.0.249:35001] failed, com.github.ltsopensource.remoting.netty.NettyChannelFuture@5bc8e6d, lts version: 1.6.9, current host: 192.168.0.249
java.lang.IllegalStateException: executor not accepting a task
	at io.netty.resolver.AddressResolverGroup.getResolver(AddressResolverGroup.java:60) ~[netty-resolver-4.1.29.Final.jar:4.1.29.Final]
	at io.netty.bootstrap.Bootstrap.doResolveAndConnect0(Bootstrap.java:200) ~[netty-transport-4.1.29.Final.jar:4.1.29.Final]
	at io.netty.bootstrap.Bootstrap.access$000(Bootstrap.java:49) ~[netty-transport-4.1.29.Final.jar:4.1.29.Final]
	at io.netty.bootstrap.Bootstrap$1.operationComplete(Bootstrap.java:188) ~[netty-transport-4.1.29.Final.jar:4.1.29.Final]
	at io.netty.bootstrap.Bootstrap$1.operationComplete(Bootstrap.java:174) ~[netty-transport-4.1.29.Final.jar:4.1.29.Final]
	at io.netty.util.concurrent.DefaultPromise.notifyListener0(DefaultPromise.java:511) ~[netty-common-4.1.29.Final.jar:4.1.29.Final]
	at io.netty.util.concurrent.DefaultPromise.notifyListenersNow(DefaultPromise.java:485) ~[netty-common-4.1.29.Final.jar:4.1.29.Final]
	at io.netty.util.concurrent.DefaultPromise.notifyListeners(DefaultPromise.java:424) ~[netty-common-4.1.29.Final.jar:4.1.29.Final]
	at io.netty.util.concurrent.DefaultPromise.trySuccess(DefaultPromise.java:103) ~[netty-common-4.1.29.Final.jar:4.1.29.Final]
	at io.netty.channel.DefaultChannelPromise.trySuccess(DefaultChannelPromise.java:84) ~[netty-transport-4.1.29.Final.jar:4.1.29.Final]
	at io.netty.channel.AbstractChannel$AbstractUnsafe.safeSetSuccess(AbstractChannel.java:978) ~[netty-transport-4.1.29.Final.jar:4.1.29.Final]
	at io.netty.channel.AbstractChannel$AbstractUnsafe.register0(AbstractChannel.java:512) ~[netty-transport-4.1.29.Final.jar:4.1.29.Final]
	at io.netty.channel.AbstractChannel$AbstractUnsafe.access$200(AbstractChannel.java:423) ~[netty-transport-4.1.29.Final.jar:4.1.29.Final]
	at io.netty.channel.AbstractChannel$AbstractUnsafe$1.run(AbstractChannel.java:482) ~[netty-transport-4.1.29.Final.jar:4.1.29.Final]
	at io.netty.util.concurrent.AbstractEventExecutor.safeExecute(AbstractEventExecutor.java:163) ~[netty-common-4.1.29.Final.jar:4.1.29.Final]
	at io.netty.util.concurrent.SingleThreadEventExecutor.runAllTasks(SingleThreadEventExecutor.java:404) ~[netty-common-4.1.29.Final.jar:4.1.29.Final]
	at io.netty.channel.nio.NioEventLoop.run(NioEventLoop.java:446) ~[netty-transport-4.1.29.Final.jar:4.1.29.Final]
	at io.netty.util.concurrent.SingleThreadEventExecutor$5.run(SingleThreadEventExecutor.java:884) ~[netty-common-4.1.29.Final.jar:4.1.29.Final]
	at java.lang.Thread.run(Unknown Source) [?:1.8.0_171]
2018-11-23 14:14:12.513 [LTS-JobPullMachine-Executor-thread-1] WARN  JobPullMachine -  [LTS] no job tracker available!, lts version: 1.6.9, current host: 192.168.0.249
2018-11-23 14:17:40.321 [main] WARN  com.netflix.config.sources.URLConfigurationSource - No URLs will be polled as dynamic configuration sources.
2018-11-23 14:17:40.328 [main] WARN  com.netflix.config.sources.URLConfigurationSource - No URLs will be polled as dynamic configuration sources.
2018-11-23 14:19:00.683 [main] WARN  com.netflix.config.sources.URLConfigurationSource - No URLs will be polled as dynamic configuration sources.
2018-11-23 14:19:00.690 [main] WARN  com.netflix.config.sources.URLConfigurationSource - No URLs will be polled as dynamic configuration sources.
2018-11-23 14:21:20.007 [main] WARN  com.netflix.config.sources.URLConfigurationSource - No URLs will be polled as dynamic configuration sources.
2018-11-23 14:21:20.011 [main] WARN  com.netflix.config.sources.URLConfigurationSource - No URLs will be polled as dynamic configuration sources.
2018-11-23 14:24:32.359 [RMI TCP Connection(2)-127.0.0.1] WARN  com.netflix.discovery.DiscoveryClient - Saw local status change event StatusChangeEvent [timestamp=1542954272359, current=DOWN, previous=UP]
2018-11-23 14:24:32.890 [LTS-JobPullMachine-Executor-thread-1] WARN  com.github.ltsopensource.remoting.AbstractRemotingClient -  [LTS] createChannel: connect remote host[192.168.0.249:35001] failed, com.github.ltsopensource.remoting.netty.NettyChannelFuture@48a396f8, lts version: 1.6.9, current host: 192.168.0.249
java.lang.IllegalStateException: executor not accepting a task
	at io.netty.resolver.AddressResolverGroup.getResolver(AddressResolverGroup.java:60) ~[netty-resolver-4.1.29.Final.jar:4.1.29.Final]
	at io.netty.bootstrap.Bootstrap.doResolveAndConnect0(Bootstrap.java:200) ~[netty-transport-4.1.29.Final.jar:4.1.29.Final]
	at io.netty.bootstrap.Bootstrap.access$000(Bootstrap.java:49) ~[netty-transport-4.1.29.Final.jar:4.1.29.Final]
	at io.netty.bootstrap.Bootstrap$1.operationComplete(Bootstrap.java:188) ~[netty-transport-4.1.29.Final.jar:4.1.29.Final]
	at io.netty.bootstrap.Bootstrap$1.operationComplete(Bootstrap.java:174) ~[netty-transport-4.1.29.Final.jar:4.1.29.Final]
	at io.netty.util.concurrent.DefaultPromise.notifyListener0(DefaultPromise.java:511) ~[netty-common-4.1.29.Final.jar:4.1.29.Final]
	at io.netty.util.concurrent.DefaultPromise.notifyListenersNow(DefaultPromise.java:485) ~[netty-common-4.1.29.Final.jar:4.1.29.Final]
	at io.netty.util.concurrent.DefaultPromise.notifyListeners(DefaultPromise.java:424) ~[netty-common-4.1.29.Final.jar:4.1.29.Final]
	at io.netty.util.concurrent.DefaultPromise.trySuccess(DefaultPromise.java:103) ~[netty-common-4.1.29.Final.jar:4.1.29.Final]
	at io.netty.channel.DefaultChannelPromise.trySuccess(DefaultChannelPromise.java:84) ~[netty-transport-4.1.29.Final.jar:4.1.29.Final]
	at io.netty.channel.AbstractChannel$AbstractUnsafe.safeSetSuccess(AbstractChannel.java:978) ~[netty-transport-4.1.29.Final.jar:4.1.29.Final]
	at io.netty.channel.AbstractChannel$AbstractUnsafe.register0(AbstractChannel.java:512) ~[netty-transport-4.1.29.Final.jar:4.1.29.Final]
	at io.netty.channel.AbstractChannel$AbstractUnsafe.access$200(AbstractChannel.java:423) ~[netty-transport-4.1.29.Final.jar:4.1.29.Final]
	at io.netty.channel.AbstractChannel$AbstractUnsafe$1.run(AbstractChannel.java:482) ~[netty-transport-4.1.29.Final.jar:4.1.29.Final]
	at io.netty.util.concurrent.AbstractEventExecutor.safeExecute(AbstractEventExecutor.java:163) ~[netty-common-4.1.29.Final.jar:4.1.29.Final]
	at io.netty.util.concurrent.SingleThreadEventExecutor.runAllTasks(SingleThreadEventExecutor.java:404) ~[netty-common-4.1.29.Final.jar:4.1.29.Final]
	at io.netty.channel.nio.NioEventLoop.run(NioEventLoop.java:446) ~[netty-transport-4.1.29.Final.jar:4.1.29.Final]
	at io.netty.util.concurrent.SingleThreadEventExecutor$5.run(SingleThreadEventExecutor.java:884) ~[netty-common-4.1.29.Final.jar:4.1.29.Final]
	at java.lang.Thread.run(Unknown Source) [?:1.8.0_171]
2018-11-23 14:24:32.994 [LTS-JobPullMachine-Executor-thread-1] WARN  JobPullMachine -  [LTS] no job tracker available!, lts version: 1.6.9, current host: 192.168.0.249
2018-11-23 14:25:40.368 [main] WARN  com.netflix.config.sources.URLConfigurationSource - No URLs will be polled as dynamic configuration sources.
2018-11-23 14:25:40.375 [main] WARN  com.netflix.config.sources.URLConfigurationSource - No URLs will be polled as dynamic configuration sources.
2018-11-23 14:28:13.002 [main] WARN  com.netflix.config.sources.URLConfigurationSource - No URLs will be polled as dynamic configuration sources.
2018-11-23 14:28:13.009 [main] WARN  com.netflix.config.sources.URLConfigurationSource - No URLs will be polled as dynamic configuration sources.
2018-11-23 14:33:08.285 [RMI TCP Connection(2)-127.0.0.1] WARN  com.netflix.discovery.DiscoveryClient - Saw local status change event StatusChangeEvent [timestamp=1542954788285, current=DOWN, previous=UP]
2018-11-23 14:33:08.990 [LTS-JobPullMachine-Executor-thread-1] WARN  com.github.ltsopensource.remoting.AbstractRemotingClient -  [LTS] createChannel: connect remote host[192.168.0.249:35001] failed, com.github.ltsopensource.remoting.netty.NettyChannelFuture@6ef5c841, lts version: 1.6.9, current host: 192.168.0.249
java.lang.IllegalStateException: executor not accepting a task
	at io.netty.resolver.AddressResolverGroup.getResolver(AddressResolverGroup.java:60) ~[netty-resolver-4.1.29.Final.jar:4.1.29.Final]
	at io.netty.bootstrap.Bootstrap.doResolveAndConnect0(Bootstrap.java:200) ~[netty-transport-4.1.29.Final.jar:4.1.29.Final]
	at io.netty.bootstrap.Bootstrap.access$000(Bootstrap.java:49) ~[netty-transport-4.1.29.Final.jar:4.1.29.Final]
	at io.netty.bootstrap.Bootstrap$1.operationComplete(Bootstrap.java:188) ~[netty-transport-4.1.29.Final.jar:4.1.29.Final]
	at io.netty.bootstrap.Bootstrap$1.operationComplete(Bootstrap.java:174) ~[netty-transport-4.1.29.Final.jar:4.1.29.Final]
	at io.netty.util.concurrent.DefaultPromise.notifyListener0(DefaultPromise.java:511) ~[netty-common-4.1.29.Final.jar:4.1.29.Final]
	at io.netty.util.concurrent.DefaultPromise.notifyListenersNow(DefaultPromise.java:485) ~[netty-common-4.1.29.Final.jar:4.1.29.Final]
	at io.netty.util.concurrent.DefaultPromise.notifyListeners(DefaultPromise.java:424) ~[netty-common-4.1.29.Final.jar:4.1.29.Final]
	at io.netty.util.concurrent.DefaultPromise.trySuccess(DefaultPromise.java:103) ~[netty-common-4.1.29.Final.jar:4.1.29.Final]
	at io.netty.channel.DefaultChannelPromise.trySuccess(DefaultChannelPromise.java:84) ~[netty-transport-4.1.29.Final.jar:4.1.29.Final]
	at io.netty.channel.AbstractChannel$AbstractUnsafe.safeSetSuccess(AbstractChannel.java:978) ~[netty-transport-4.1.29.Final.jar:4.1.29.Final]
	at io.netty.channel.AbstractChannel$AbstractUnsafe.register0(AbstractChannel.java:512) ~[netty-transport-4.1.29.Final.jar:4.1.29.Final]
	at io.netty.channel.AbstractChannel$AbstractUnsafe.access$200(AbstractChannel.java:423) ~[netty-transport-4.1.29.Final.jar:4.1.29.Final]
	at io.netty.channel.AbstractChannel$AbstractUnsafe$1.run(AbstractChannel.java:482) ~[netty-transport-4.1.29.Final.jar:4.1.29.Final]
	at io.netty.util.concurrent.AbstractEventExecutor.safeExecute(AbstractEventExecutor.java:163) ~[netty-common-4.1.29.Final.jar:4.1.29.Final]
	at io.netty.util.concurrent.SingleThreadEventExecutor.runAllTasks(SingleThreadEventExecutor.java:404) ~[netty-common-4.1.29.Final.jar:4.1.29.Final]
	at io.netty.channel.nio.NioEventLoop.run(NioEventLoop.java:446) ~[netty-transport-4.1.29.Final.jar:4.1.29.Final]
	at io.netty.util.concurrent.SingleThreadEventExecutor$5.run(SingleThreadEventExecutor.java:884) ~[netty-common-4.1.29.Final.jar:4.1.29.Final]
	at java.lang.Thread.run(Unknown Source) [?:1.8.0_171]
2018-11-23 14:33:09.096 [LTS-JobPullMachine-Executor-thread-1] WARN  JobPullMachine -  [LTS] no job tracker available!, lts version: 1.6.9, current host: 192.168.0.249
2018-11-23 14:42:20.813 [main] WARN  com.netflix.config.sources.URLConfigurationSource - No URLs will be polled as dynamic configuration sources.
2018-11-23 14:42:20.821 [main] WARN  com.netflix.config.sources.URLConfigurationSource - No URLs will be polled as dynamic configuration sources.
2018-11-23 14:43:22.326 [main] WARN  com.netflix.config.sources.URLConfigurationSource - No URLs will be polled as dynamic configuration sources.
2018-11-23 14:43:22.331 [main] WARN  com.netflix.config.sources.URLConfigurationSource - No URLs will be polled as dynamic configuration sources.
2018-11-23 14:57:13.697 [RMI TCP Connection(2)-127.0.0.1] WARN  com.netflix.discovery.DiscoveryClient - Saw local status change event StatusChangeEvent [timestamp=1542956233697, current=DOWN, previous=UP]
2018-11-23 14:57:13.939 [LTS-JobPullMachine-Executor-thread-1] WARN  com.github.ltsopensource.remoting.AbstractRemotingClient -  [LTS] createChannel: connect remote host[192.168.0.249:35001] failed, com.github.ltsopensource.remoting.netty.NettyChannelFuture@275c5cb3, lts version: 1.6.9, current host: 192.168.0.249
java.lang.IllegalStateException: executor not accepting a task
	at io.netty.resolver.AddressResolverGroup.getResolver(AddressResolverGroup.java:60) ~[netty-resolver-4.1.29.Final.jar:4.1.29.Final]
	at io.netty.bootstrap.Bootstrap.doResolveAndConnect0(Bootstrap.java:200) ~[netty-transport-4.1.29.Final.jar:4.1.29.Final]
	at io.netty.bootstrap.Bootstrap.access$000(Bootstrap.java:49) ~[netty-transport-4.1.29.Final.jar:4.1.29.Final]
	at io.netty.bootstrap.Bootstrap$1.operationComplete(Bootstrap.java:188) ~[netty-transport-4.1.29.Final.jar:4.1.29.Final]
	at io.netty.bootstrap.Bootstrap$1.operationComplete(Bootstrap.java:174) ~[netty-transport-4.1.29.Final.jar:4.1.29.Final]
	at io.netty.util.concurrent.DefaultPromise.notifyListener0(DefaultPromise.java:511) ~[netty-common-4.1.29.Final.jar:4.1.29.Final]
	at io.netty.util.concurrent.DefaultPromise.notifyListenersNow(DefaultPromise.java:485) ~[netty-common-4.1.29.Final.jar:4.1.29.Final]
	at io.netty.util.concurrent.DefaultPromise.notifyListeners(DefaultPromise.java:424) ~[netty-common-4.1.29.Final.jar:4.1.29.Final]
	at io.netty.util.concurrent.DefaultPromise.trySuccess(DefaultPromise.java:103) ~[netty-common-4.1.29.Final.jar:4.1.29.Final]
	at io.netty.channel.DefaultChannelPromise.trySuccess(DefaultChannelPromise.java:84) ~[netty-transport-4.1.29.Final.jar:4.1.29.Final]
	at io.netty.channel.AbstractChannel$AbstractUnsafe.safeSetSuccess(AbstractChannel.java:978) ~[netty-transport-4.1.29.Final.jar:4.1.29.Final]
	at io.netty.channel.AbstractChannel$AbstractUnsafe.register0(AbstractChannel.java:512) ~[netty-transport-4.1.29.Final.jar:4.1.29.Final]
	at io.netty.channel.AbstractChannel$AbstractUnsafe.access$200(AbstractChannel.java:423) ~[netty-transport-4.1.29.Final.jar:4.1.29.Final]
	at io.netty.channel.AbstractChannel$AbstractUnsafe$1.run(AbstractChannel.java:482) ~[netty-transport-4.1.29.Final.jar:4.1.29.Final]
	at io.netty.util.concurrent.AbstractEventExecutor.safeExecute(AbstractEventExecutor.java:163) ~[netty-common-4.1.29.Final.jar:4.1.29.Final]
	at io.netty.util.concurrent.SingleThreadEventExecutor.runAllTasks(SingleThreadEventExecutor.java:404) ~[netty-common-4.1.29.Final.jar:4.1.29.Final]
	at io.netty.channel.nio.NioEventLoop.run(NioEventLoop.java:446) ~[netty-transport-4.1.29.Final.jar:4.1.29.Final]
	at io.netty.util.concurrent.SingleThreadEventExecutor$5.run(SingleThreadEventExecutor.java:884) ~[netty-common-4.1.29.Final.jar:4.1.29.Final]
	at java.lang.Thread.run(Unknown Source) [?:1.8.0_171]
2018-11-23 14:57:14.044 [LTS-JobPullMachine-Executor-thread-1] WARN  JobPullMachine -  [LTS] no job tracker available!, lts version: 1.6.9, current host: 192.168.0.249
2018-11-23 14:57:45.802 [main] WARN  com.netflix.config.sources.URLConfigurationSource - No URLs will be polled as dynamic configuration sources.
2018-11-23 14:57:45.853 [main] WARN  com.netflix.config.sources.URLConfigurationSource - No URLs will be polled as dynamic configuration sources.
2018-11-23 14:58:40.746 [main] WARN  com.netflix.config.sources.URLConfigurationSource - No URLs will be polled as dynamic configuration sources.
2018-11-23 14:58:40.750 [main] WARN  com.netflix.config.sources.URLConfigurationSource - No URLs will be polled as dynamic configuration sources.
2018-11-23 15:04:07.252 [RMI TCP Connection(2)-127.0.0.1] WARN  com.netflix.discovery.DiscoveryClient - Saw local status change event StatusChangeEvent [timestamp=1542956647252, current=DOWN, previous=UP]
2018-11-23 15:04:07.691 [LTS-JobPullMachine-Executor-thread-1] WARN  com.github.ltsopensource.remoting.AbstractRemotingClient -  [LTS] createChannel: connect remote host[192.168.0.249:35001] failed, com.github.ltsopensource.remoting.netty.NettyChannelFuture@e71308a, lts version: 1.6.9, current host: 192.168.0.249
java.lang.IllegalStateException: executor not accepting a task
	at io.netty.resolver.AddressResolverGroup.getResolver(AddressResolverGroup.java:60) ~[netty-resolver-4.1.29.Final.jar:4.1.29.Final]
	at io.netty.bootstrap.Bootstrap.doResolveAndConnect0(Bootstrap.java:200) ~[netty-transport-4.1.29.Final.jar:4.1.29.Final]
	at io.netty.bootstrap.Bootstrap.access$000(Bootstrap.java:49) ~[netty-transport-4.1.29.Final.jar:4.1.29.Final]
	at io.netty.bootstrap.Bootstrap$1.operationComplete(Bootstrap.java:188) ~[netty-transport-4.1.29.Final.jar:4.1.29.Final]
	at io.netty.bootstrap.Bootstrap$1.operationComplete(Bootstrap.java:174) ~[netty-transport-4.1.29.Final.jar:4.1.29.Final]
	at io.netty.util.concurrent.DefaultPromise.notifyListener0(DefaultPromise.java:511) ~[netty-common-4.1.29.Final.jar:4.1.29.Final]
	at io.netty.util.concurrent.DefaultPromise.notifyListenersNow(DefaultPromise.java:485) ~[netty-common-4.1.29.Final.jar:4.1.29.Final]
	at io.netty.util.concurrent.DefaultPromise.notifyListeners(DefaultPromise.java:424) ~[netty-common-4.1.29.Final.jar:4.1.29.Final]
	at io.netty.util.concurrent.DefaultPromise.trySuccess(DefaultPromise.java:103) ~[netty-common-4.1.29.Final.jar:4.1.29.Final]
	at io.netty.channel.DefaultChannelPromise.trySuccess(DefaultChannelPromise.java:84) ~[netty-transport-4.1.29.Final.jar:4.1.29.Final]
	at io.netty.channel.AbstractChannel$AbstractUnsafe.safeSetSuccess(AbstractChannel.java:978) ~[netty-transport-4.1.29.Final.jar:4.1.29.Final]
	at io.netty.channel.AbstractChannel$AbstractUnsafe.register0(AbstractChannel.java:512) ~[netty-transport-4.1.29.Final.jar:4.1.29.Final]
	at io.netty.channel.AbstractChannel$AbstractUnsafe.access$200(AbstractChannel.java:423) ~[netty-transport-4.1.29.Final.jar:4.1.29.Final]
	at io.netty.channel.AbstractChannel$AbstractUnsafe$1.run(AbstractChannel.java:482) ~[netty-transport-4.1.29.Final.jar:4.1.29.Final]
	at io.netty.util.concurrent.AbstractEventExecutor.safeExecute(AbstractEventExecutor.java:163) ~[netty-common-4.1.29.Final.jar:4.1.29.Final]
	at io.netty.util.concurrent.SingleThreadEventExecutor.runAllTasks(SingleThreadEventExecutor.java:404) ~[netty-common-4.1.29.Final.jar:4.1.29.Final]
	at io.netty.channel.nio.NioEventLoop.run(NioEventLoop.java:446) ~[netty-transport-4.1.29.Final.jar:4.1.29.Final]
	at io.netty.util.concurrent.SingleThreadEventExecutor$5.run(SingleThreadEventExecutor.java:884) ~[netty-common-4.1.29.Final.jar:4.1.29.Final]
	at java.lang.Thread.run(Unknown Source) [?:1.8.0_171]
2018-11-23 15:04:07.797 [LTS-JobPullMachine-Executor-thread-1] WARN  JobPullMachine -  [LTS] no job tracker available!, lts version: 1.6.9, current host: 192.168.0.249
